Arguments: 
  /usr/local/bin/node /usr/local/bin/yarn add browser-sync -D

PATH: 
  /home/oddant/.vscode-server/bin/899d46d82c4c95423fb7e10e68eba52050e30ba3/bin:/usr/local/sbin:/usr/local/bin:/usr/sbin:/usr/bin:/sbin:/bin:/usr/games:/usr/local/games:/mnt/c/WINDOWS/system32:/mnt/c/WINDOWS:/mnt/c/WINDOWS/System32/Wbem:/mnt/c/WINDOWS/System32/WindowsPowerShell/v1.0/:/mnt/c/WINDOWS/System32/OpenSSH/:/mnt/c/Program Files/Git/cmd:/mnt/c/Program Files/nodejs/:/mnt/c/Users/oddant/AppData/Local/Microsoft/WindowsApps:/mnt/c/Users/oddant/AppData/Local/Programs/Microsoft VS Code/bin:/mnt/c/Users/oddant/AppData/Local/Programs/Hyper/resources/bin:/mnt/c/Program Files (x86)/Nmap:/mnt/c/Users/oddant/AppData/Roaming/npm:/snap/bin

Yarn version: 
  1.22.17

Node version: 
  14.18.1

Platform: 
  linux x64

Trace: 
  SyntaxError: /mnt/c/Users/oddant/gits/CryptoVortex/package.json: Unexpected token } in JSON at position 1042
      at JSON.parse (<anonymous>)
      at /usr/local/lib/node_modules/yarn/lib/cli.js:1625:59
      at Generator.next (<anonymous>)
      at step (/usr/local/lib/node_modules/yarn/lib/cli.js:310:30)
      at /usr/local/lib/node_modules/yarn/lib/cli.js:321:13

npm manifest: 
  {
    "devDependencies": {
      "@material/mwc-button": "^0.20.0",
      "@material/mwc-checkbox": "^0.20.0",
      "@material/mwc-circular-progress": "^0.20.0",
      "@material/mwc-dialog": "^0.20.0",
      "@material/mwc-formfield": "^0.20.0",
      "@material/mwc-icon": "^0.20.0",
      "@material/mwc-icon-button": "^0.20.0",
      "@material/mwc-slider": "^0.20.0",
      "@material/mwc-tab-bar": "^0.20.0",
      "@material/mwc-textfield": "^0.20.0",
      "@rollup/plugin-commonjs": "^18.0.0",
      "@rollup/plugin-json": "^4.1.0",
      "@rollup/plugin-node-resolve": "^11.2.1",
      "@rollup/plugin-typescript": "^8.2.1",
      "@types/ms": "^0.7.31",
      "@types/node": "^14.14.37",
      "@types/yargs": "^16.0.1",
      "chalk": "^4.1.0",
      "lit-element": "^2.4.0",
      "lit-html": "^1.3.0",
      "ms": "^2.1.3",
      "node-fetch": "^2.6.1",
      "rollup": "^2.44.0",
      "ts-node": "^9.1.1",
      "tslib": "^2.3.1",
      "typescript": "^4.5.3",
      "yargs": "^16.2.0"
    },
    "scripts": {
      "build": "rollup -c",
      "watch": "rollup -cw",
      "browser-sync":
    }
  }

yarn manifest: 
  No manifest

Lockfile: 
  # THIS IS AN AUTOGENERATED FILE. DO NOT EDIT THIS FILE DIRECTLY.
  # yarn lockfile v1
  
  
  "@material/animation@8.0.0-canary.01db89053.0":
    version "8.0.0-canary.01db89053.0"
    resolved "https://registry.yarnpkg.com/@material/animation/-/animation-8.0.0-canary.01db89053.0.tgz#cc841b3778a027a4882ed2198e92a2c22f79bc9b"
    integrity sha512-PWYCJ7cD2OLO/vRDT1RqXK5cfBTEdCv9sg1c50fPxLptz9jvYc49nP2nnfMefpVkcZoC4lbEOBTDojwffArBdQ==
    dependencies:
      tslib "^1.9.3"
  
  "@material/animation@9.0.0-canary.1c156d69d.0":
    version "9.0.0-canary.1c156d69d.0"
    resolved "https://registry.yarnpkg.com/@material/animation/-/animation-9.0.0-canary.1c156d69d.0.tgz#53acc1253d1286f6d4cfaf3a778229cbd19ab000"
    integrity sha512-m3eUpFRwxcP1tEWJlIH5q77YGSYEe5ITRw5OtyDvxU7ZzF0xKJbBeauQEdCmyig9UvK+J7jUUnCgkT/t/ldLtw==
    dependencies:
      tslib "^1.9.3"
  
  "@material/base@8.0.0-canary.01db89053.0":
    version "8.0.0-canary.01db89053.0"
    resolved "https://registry.yarnpkg.com/@material/base/-/base-8.0.0-canary.01db89053.0.tgz#9a3dce5f93c0ab23d5306b6d351bc6f544b9f2e3"
    integrity sha512-KldW1JZ7ZFLKMv/fIqd6CFUbl0TZs/hp6hDjixZe4ctUr8+CK2Nms2Kv2YZbJFfW+fnhWhaEpXs8T+5eeIDQYA==
    dependencies:
      tslib "^1.9.3"
  
  "@material/base@9.0.0-canary.1c156d69d.0", "@material/base@=9.0.0-canary.1c156d69d.0":
    version "9.0.0-canary.1c156d69d.0"
    resolved "https://registry.yarnpkg.com/@material/base/-/base-9.0.0-canary.1c156d69d.0.tgz#84f365077dfae12a31a32bfc7f9ba673fe56b2db"
    integrity sha512-r98qY6EsPx6BlzT0Pj+H+BTI7r76GEX/zZPgajxZjbPAJSeeK+uCh69Dmhf63meLKaFkKgvLwH5udKJLMqqjpQ==
    dependencies:
      tslib "^1.9.3"
  
  "@material/button@9.0.0-canary.1c156d69d.0":
    version "9.0.0-canary.1c156d69d.0"
    resolved "https://registry.yarnpkg.com/@material/button/-/button-9.0.0-canary.1c156d69d.0.tgz#b35540ed085006d65562ed56fe2b5540d6712712"
    integrity sha512-ZjBDrGy2kKPmlIYaL99/C1D0t+MCIkP3Pcj9Y1RxxYdayvP+o8evkBUz5IRtg5NpW4o1X89x8RfF/JmLJZrdYw==
    dependencies:
      "@material/density" "9.0.0-canary.1c156d69d.0"
      "@material/elevation" "9.0.0-canary.1c156d69d.0"
      "@material/feature-targeting" "9.0.0-canary.1c156d69d.0"
      "@material/ripple" "9.0.0-canary.1c156d69d.0"
      "@material/rtl" "9.0.0-canary.1c156d69d.0"
      "@material/shape" "9.0.0-canary.1c156d69d.0"
      "@material/theme" "9.0.0-canary.1c156d69d.0"
      "@material/touch-target" "9.0.0-canary.1c156d69d.0"
      "@material/typography" "9.0.0-canary.1c156d69d.0"
  
  "@material/circular-progress@=9.0.0-canary.1c156d69d.0":
    version "9.0.0-canary.1c156d69d.0"
    resolved "https://registry.yarnpkg.com/@material/circular-progress/-/circular-progress-9.0.0-canary.1c156d69d.0.tgz#df6a6b13cbe65e6e90e81ce0149d472a3de2463c"
    integrity sha512-DCYOF9ssHb+psiKA98GZFztYFr48dvEhvS8w0Lu/hx+7G4qlG6KJzFZv1mBuiF0pdJCT1tjEDjOcj6t3nU9SRA==
    dependencies:
      "@material/animation" "9.0.0-canary.1c156d69d.0"
      "@material/base" "9.0.0-canary.1c156d69d.0"
      "@material/feature-targeting" "9.0.0-canary.1c156d69d.0"
      "@material/progress-indicator" "9.0.0-canary.1c156d69d.0"
      "@material/theme" "9.0.0-canary.1c156d69d.0"
      tslib "^1.9.3"
  
  "@material/density@9.0.0-canary.1c156d69d.0":
    version "9.0.0-canary.1c156d69d.0"
    resolved "https://registry.yarnpkg.com/@material/density/-/density-9.0.0-canary.1c156d69d.0.tgz#ca2a2a5f4ea31520d717a41a6343c104acee3005"
    integrity sha512-Y87bUpTsXNDOi1q5NVRBxIyTUAFda1PP1Z9HOvgpV19n7/F6YLrttLGcOFSRFfx9btUKf4EddctBzwzBrF71TQ==
  
  "@material/dialog@=9.0.0-canary.1c156d69d.0":
    version "9.0.0-canary.1c156d69d.0"
    resolved "https://registry.yarnpkg.com/@material/dialog/-/dialog-9.0.0-canary.1c156d69d.0.tgz#15a0c38d322679f3fcf372eabd21a9c70061f788"
    integrity sha512-JadtYwhCPrvZce/0j+kUuSq5+QaXAbZ1yx2FPT01K6/mzEgM0eDuU7ta7IlGGoJXFzmQI8jy7WsTSuW+IBNC8A==
    dependencies:
      "@material/animation" "9.0.0-canary.1c156d69d.0"
      "@material/base" "9.0.0-canary.1c156d69d.0"
      "@material/button" "9.0.0-canary.1c156d69d.0"
      "@material/dom" "9.0.0-canary.1c156d69d.0"
      "@material/elevation" "9.0.0-canary.1c156d69d.0"
      "@material/feature-targeting" "9.0.0-canary.1c156d69d.0"
      "@material/ripple" "9.0.0-canary.1c156d69d.0"
      "@material/rtl" "9.0.0-canary.1c156d69d.0"
      "@material/shape" "9.0.0-canary.1c156d69d.0"
      "@material/theme" "9.0.0-canary.1c156d69d.0"
      "@material/touch-target" "9.0.0-canary.1c156d69d.0"
      "@material/typography" "9.0.0-canary.1c156d69d.0"
      tslib "^1.9.3"
  
  "@material/dom@8.0.0-canary.01db89053.0":
    version "8.0.0-canary.01db89053.0"
    resolved "https://registry.yarnpkg.com/@material/dom/-/dom-8.0.0-canary.01db89053.0.tgz#5cffb7330a2ac298a39df94065759a462f3e49fe"
    integrity sha512-NV2SR1r/cbiyI/pvJMhPUNQwWgFT4eBL+peRnfGvB/X/TwkHJFP3kNJO+0dXTegb4WJMifCxxQR7zb9Ru9jsbw==
    dependencies:
      "@material/feature-targeting" "8.0.0-canary.01db89053.0"
      tslib "^1.9.3"
  
  "@material/dom@9.0.0-canary.1c156d69d.0", "@material/dom@=9.0.0-canary.1c156d69d.0":
    version "9.0.0-canary.1c156d69d.0"
    resolved "https://registry.yarnpkg.com/@material/dom/-/dom-9.0.0-canary.1c156d69d.0.tgz#ffba86848f77cdce5ac2cfe494a97cb82af5c714"
    integrity sha512-AwiQDzquolB7rqy8k4+QMVQ8Njb6k0CT+otJ/UNJbj0qNVXZB4njVaWRWrWCt70hYp1rG0cRNkZ01ZJDqABUFw==
    dependencies:
      "@material/feature-targeting" "9.0.0-canary.1c156d69d.0"
      tslib "^1.9.3"
  
  "@material/elevation@9.0.0-canary.1c156d69d.0":
    version "9.0.0-canary.1c156d69d.0"
    resolved "https://registry.yarnpkg.com/@material/elevation/-/elevation-9.0.0-canary.1c156d69d.0.tgz#0027434eef691dde7e16e672e1349ee1e9ed7a2b"
    integrity sha512-ojX0+nRNkfJssFA/EXhwglDwW48xll1OPCVy8jJrRfvIasRHiIJBeRdnlU5BL4qxDJHaEoOfEMmVQP/Aj504Qw==
    dependencies:
      "@material/animation" "9.0.0-canary.1c156d69d.0"
      "@material/base" "9.0.0-canary.1c156d69d.0"
      "@material/feature-targeting" "9.0.0-canary.1c156d69d.0"
      "@material/theme" "9.0.0-canary.1c156d69d.0"
  
  "@material/feature-targeting@8.0.0-canary.01db89053.0":
    version "8.0.0-canary.01db89053.0"
    resolved "https://registry.yarnpkg.com/@material/feature-targeting/-/feature-targeting-8.0.0-canary.01db89053.0.tgz#1d69daaa9e5d6a54d91e7a4ab38086ab605236b6"
    integrity sha512-PTTe9rMarEhCHQEuRkqwXvU5Y6Q1saRXCcotS5vcyuhnRoYg9CiiBq1T03mW36KJJBwZvTDXNRbIjtLvFQ2adA==
  
  "@material/feature-targeting@9.0.0-canary.1c156d69d.0":
    version "9.0.0-canary.1c156d69d.0"
    resolved "https://registry.yarnpkg.com/@material/feature-targeting/-/feature-targeting-9.0.0-canary.1c156d69d.0.tgz#feaf37af156811a088958e653e6c08e66f567d2a"
    integrity sha512-HWd0+GMnkVB3anmUc9+MeWCNoogAbb4U7ihzwq7lzLCQyC+i/kunppkUVV7DhL3ZVl1O6zIw1eAT+dgQpN8x4Q==
  
  "@material/floating-label@9.0.0-canary.1c156d69d.0", "@material/floating-label@=9.0.0-canary.1c156d69d.0":
    version "9.0.0-canary.1c156d69d.0"
    resolved "https://registry.yarnpkg.com/@material/floating-label/-/floating-label-9.0.0-canary.1c156d69d.0.tgz#055fdd9729b030e45c4bc8089daf24c716c76126"
    integrity sha512-Brws2RwJsQkWo1Pa4WmW9Y3HFk/LAkSjrDnQl1BQCwRr1cYW2fVzFvFxvmN4XTO/k/wBuLhqGTBmyWyJJMpZ6w==
    dependencies:
      "@material/animation" "9.0.0-canary.1c156d69d.0"
      "@material/base" "9.0.0-canary.1c156d69d.0"
      "@material/dom" "9.0.0-canary.1c156d69d.0"
      "@material/feature-targeting" "9.0.0-canary.1c156d69d.0"
      "@material/rtl" "9.0.0-canary.1c156d69d.0"
      "@material/theme" "9.0.0-canary.1c156d69d.0"
      "@material/typography" "9.0.0-canary.1c156d69d.0"
      tslib "^1.9.3"
  
  "@material/form-field@=9.0.0-canary.1c156d69d.0":
    version "9.0.0-canary.1c156d69d.0"
    resolved "https://registry.yarnpkg.com/@material/form-field/-/form-field-9.0.0-canary.1c156d69d.0.tgz#2f44c9704c8a4aef54376819573f835983686e89"
    integrity sha512-v1KWGRj4Qf9SESLswtlrdm/B6TmNkQsh5CZSM2xL2ZXe/k/KNgbLgM4ofHJApwW3QWYVBfA8nT/MlIvJJivd9w==
    dependencies:
      "@material/base" "9.0.0-canary.1c156d69d.0"
      "@material/feature-targeting" "9.0.0-canary.1c156d69d.0"
      "@material/ripple" "9.0.0-canary.1c156d69d.0"
      "@material/rtl" "9.0.0-canary.1c156d69d.0"
      "@material/theme" "9.0.0-canary.1c156d69d.0"
      "@material/typography" "9.0.0-canary.1c156d69d.0"
      tslib "^1.9.3"
  
  "@material/line-ripple@9.0.0-canary.1c156d69d.0", "@material/line-ripple@=9.0.0-canary.1c156d69d.0":
    version "9.0.0-canary.1c156d69d.0"
    resolved "https://registry.yarnpkg.com/@material/line-ripple/-/line-ripple-9.0.0-canary.1c156d69d.0.tgz#a0b275edbd9a039a1143ec4d8789a29e903c90af"
    integrity sha512-TmfT5/qzyp/NQrT1shlg7yynhMYJVmkFv0r38aZ80O0fIKo4mEqtcSVQZGXr8acBRCdWgItrRikv5U7TB6uNTg==
    dependencies:
      "@material/animation" "9.0.0-canary.1c156d69d.0"
      "@material/base" "9.0.0-canary.1c156d69d.0"
      "@material/feature-targeting" "9.0.0-canary.1c156d69d.0"
      "@material/theme" "9.0.0-canary.1c156d69d.0"
      tslib "^1.9.3"
  
  "@material/mwc-base@^0.20.0":
    version "0.20.0"
    resolved "https://registry.yarnpkg.com/@material/mwc-base/-/mwc-base-0.20.0.tgz#9753d357ea3fb9010985487a4d582bf273de1aaf"
    integrity sha512-q35jN1TGBts3LzKk2RVtgBpLDfBfRrx2hJ4GEVAeJsEGiO5CZrCD0bPlZSRTammzQBbDAh7szvhMiWo0TkRaWw==
    dependencies:
      "@material/base" "=9.0.0-canary.1c156d69d.0"
      "@material/dom" "=9.0.0-canary.1c156d69d.0"
      lit-element "^2.3.0"
      tslib "^2.0.1"
  
  "@material/mwc-button@^0.20.0":
    version "0.20.0"
    resolved "https://registry.yarnpkg.com/@material/mwc-button/-/mwc-button-0.20.0.tgz#2942edb504f4cee4d8f55b667b8538f27084b772"
    integrity sha512-kqQpeuLfaqfH4PZbENT9rwx1sgeFPLHuKy5M31ZeKG1deRTxw11FDGeMxSkePfm1QFfY6DNTsIAG5qC56tUNlw==
    dependencies:
      "@material/mwc-icon" "^0.20.0"
      "@material/mwc-ripple" "^0.20.0"
      lit-element "^2.3.0"
      lit-html "^1.1.2"
      tslib "^2.0.1"
  
  "@material/mwc-checkbox@^0.20.0":
    version "0.20.0"
    resolved "https://registry.yarnpkg.com/@material/mwc-checkbox/-/mwc-checkbox-0.20.0.tgz#fff9d41cd8a72b39a3c883d1b01230e1a3e462fd"
    integrity sha512-e7qRFpoTZPeBTU05M/FvGnAalY9fJXtzTIfFXWevpm5xm21zr+5lw4QqJOzN8l8Sj8CwciTZ86GMfKGViBbyuw==
    dependencies:
      "@material/mwc-base" "^0.20.0"
      "@material/mwc-ripple" "^0.20.0"
      lit-element "^2.3.0"
      lit-html "^1.1.2"
      tslib "^2.0.1"
  
  "@material/mwc-circular-progress@^0.20.0":
    version "0.20.0"
    resolved "https://registry.yarnpkg.com/@material/mwc-circular-progress/-/mwc-circular-progress-0.20.0.tgz#db27d4862be4afa3b68f4d9bd06533171869ce37"
    integrity sha512-6GyI97rZOGajjFB9L8R+44myv3YMo3zEHrlco5j1WnMPIPNHUcYww8EJgtkcl1E/q04Xpwvt6fFPv9X4vmLBnQ==
    dependencies:
      "@material/circular-progress" "=9.0.0-canary.1c156d69d.0"
      "@material/mwc-base" "^0.20.0"
      "@material/theme" "=9.0.0-canary.1c156d69d.0"
      lit-element "^2.3.0"
      lit-html "^1.1.2"
      tslib "^2.0.1"
  
  "@material/mwc-dialog@^0.20.0":
    version "0.20.0"
    resolved "https://registry.yarnpkg.com/@material/mwc-dialog/-/mwc-dialog-0.20.0.tgz#3169f71a049c61cfd53d16b761b8313645bdba01"
    integrity sha512-7VG8M0p2xaqs+gFDQLNQiVSKJNe+j8jemYX94wxRMZaMRryX09uPrOkn1CGUAuAy0fivxVLhlFG6KINbGR/Avg==
    dependencies:
      "@material/dialog" "=9.0.0-canary.1c156d69d.0"
      "@material/dom" "=9.0.0-canary.1c156d69d.0"
      "@material/mwc-base" "^0.20.0"
      "@material/mwc-button" "^0.20.0"
      blocking-elements "^0.1.0"
      lit-element "^2.3.0"
      lit-html "^1.1.2"
      tslib "^2.0.1"
      wicg-inert "^3.0.0"
  
  "@material/mwc-floating-label@^0.20.0":
    version "0.20.0"
    resolved "https://registry.yarnpkg.com/@material/mwc-floating-label/-/mwc-floating-label-0.20.0.tgz#da7b77491c0e204ec6322a4bc311090b59ccdd3c"
    integrity sha512-WRl/oIkP6A5mqWu9ykWQZsIXxCGJ+JXr/Ooou8F8kJADWVGYf5DNFXKd6gXq+dxXfDbC6AZHPbp7/WH/vuQVrg==
    dependencies:
      "@material/floating-label" "=9.0.0-canary.1c156d69d.0"
      lit-html "^1.1.2"
      tslib "^2.0.1"
  
  "@material/mwc-formfield@^0.20.0":
    version "0.20.0"
    resolved "https://registry.yarnpkg.com/@material/mwc-formfield/-/mwc-formfield-0.20.0.tgz#dd3e25778aad624a0d13f5b8a33c95bf1aa3883f"
    integrity sha512-Rrk2ah5gNHD4O/yYWdwHvH3kGddaZXbdiZPCTpYDlTHG63CMUsAENJy8Fu8ZCC23nxbWfBeejtbB/Da+0VZWig==
    dependencies:
      "@material/form-field" "=9.0.0-canary.1c156d69d.0"
      "@material/mwc-base" "^0.20.0"
      lit-element "^2.3.0"
      lit-html "^1.1.2"
      tslib "^2.0.1"
  
  "@material/mwc-icon-button@^0.20.0":
    version "0.20.0"
    resolved "https://registry.yarnpkg.com/@material/mwc-icon-button/-/mwc-icon-button-0.20.0.tgz#1a2d22f5d351b6a61f0dd41cb516a6fe21b6bcc5"
    integrity sha512-Bwm399++ZAo4HKmvLwRqSQ8Prhq6fxKwBcNFcqRIYMwwOf/iuuq4/hSX8+Wm8XtdX+mxSQfS7GePqn8XOTTKvw==
    dependencies:
      "@material/mwc-ripple" "^0.20.0"
      lit-element "^2.3.0"
      tslib "^2.0.1"
  
  "@material/mwc-icon@^0.20.0":
    version "0.20.0"
    resolved "https://registry.yarnpkg.com/@material/mwc-icon/-/mwc-icon-0.20.0.tgz#c2c42bca9145d4a75f63b4ce1567270b41986b47"
    integrity sha512-YCtzWbJVSZGcvWKVHwIhwfGMLEqAmRSVGcXTCAH/rOzGU7RkOxQkfNDkLAuTRAX9a7HYQStIJ39ENVcysElljg==
    dependencies:
      lit-element "^2.3.0"
      tslib "^2.0.1"
  
  "@material/mwc-line-ripple@^0.20.0":
    version "0.20.0"
    resolved "https://registry.yarnpkg.com/@material/mwc-line-ripple/-/mwc-line-ripple-0.20.0.tgz#29020954765f6ce0e50943482652038dd5ed7b89"
    integrity sha512-apA8dQ1wDbo+LOJa47dG/wMJS4iyG56bTTHMRDI4lLgd4czbEKllIgmkWBZeleqMjzzwXNfWKo/5354Ne+rbqQ==
    dependencies:
      "@material/line-ripple" "=9.0.0-canary.1c156d69d.0"
      lit-html "^1.1.2"
      tslib "^2.0.1"
  
  "@material/mwc-notched-outline@^0.20.0":
    version "0.20.0"
    resolved "https://registry.yarnpkg.com/@material/mwc-notched-outline/-/mwc-notched-outline-0.20.0.tgz#853018c83b41ee45f8802f02f79b9af290b1d9a3"
    integrity sha512-7gU0wEYSFNA8Cms5VU1rEEJ75rwSR0EJmlW6YC1f/0kIA/d3U4V5okntIwCquH6U6oi6WNbmfHusoS6wQ6I37w==
    dependencies:
      "@material/mwc-base" "^0.20.0"
      "@material/notched-outline" "=9.0.0-canary.1c156d69d.0"
      lit-element "^2.3.0"
      lit-html "^1.1.2"
      tslib "^2.0.1"
  
  "@material/mwc-ripple@^0.20.0":
    version "0.20.0"
    resolved "https://registry.yarnpkg.com/@material/mwc-ripple/-/mwc-ripple-0.20.0.tgz#ac83eda314b712c2fba293d2732f550dd1c6023b"
    integrity sha512-4rlIu+Kk//NsW/u3CnU1kz3dsvwEozax0Zf2CUp+ao0ozclHfQ2+sTZVY0Mr8+GJLn7Oz51gT5OHoarZuWWljA==
    dependencies:
      "@material/dom" "=9.0.0-canary.1c156d69d.0"
      "@material/mwc-base" "^0.20.0"
      "@material/ripple" "=9.0.0-canary.1c156d69d.0"
      lit-element "^2.3.0"
      lit-html "^1.1.2"
      tslib "^2.0.1"
  
  "@material/mwc-slider@^0.20.0":
    version "0.20.0"
    resolved "https://registry.yarnpkg.com/@material/mwc-slider/-/mwc-slider-0.20.0.tgz#8a842f5aa13cd0e416b16aecd441e2236b890f4d"
    integrity sha512-4ZI/dLtnPu7cCCaA0biiBDmwq424+F0yQVX7eLeIBW/P929KNrUwv8abqA5eTvA/qsLSi78GiwKtGj7dcEZf5g==
    dependencies:
      "@material/dom" "=9.0.0-canary.1c156d69d.0"
      "@material/mwc-base" "^0.20.0"
      "@material/slider" "=8.0.0-canary.01db89053.0"
      lit-element "^2.3.0"
      lit-html "^1.1.2"
      tslib "^2.0.1"
  
  "@material/mwc-tab-bar@^0.20.0":
    version "0.20.0"
    resolved "https://registry.yarnpkg.com/@material/mwc-tab-bar/-/mwc-tab-bar-0.20.0.tgz#02cecdc1bdf20feeb85085c8138d0f6d933411b2"
    integrity sha512-7iGFzVsS33m5uZXxeXMK1ag3u1drRbBcfkXbP8mp0rpIrhZNpCAOZkTpyXtZGx7WAijaCXPdKOo3MkHutqn6Rg==
    dependencies:
      "@material/mwc-base" "^0.20.0"
      "@material/mwc-tab" "^0.20.0"
      "@material/mwc-tab-scroller" "^0.20.0"
      "@material/tab" "=9.0.0-canary.1c156d69d.0"
      "@material/tab-bar" "=9.0.0-canary.1c156d69d.0"
      lit-element "^2.3.0"
      tslib "^2.0.1"
  
  "@material/mwc-tab-indicator@^0.20.0":
    version "0.20.0"
    resolved "https://registry.yarnpkg.com/@material/mwc-tab-indicator/-/mwc-tab-indicator-0.20.0.tgz#a25e981517d46689aae5214798cbc083780569e3"
    integrity sha512-Y98B1MKeBX2zHwQ4yqpQKULvrm2GaLmw6yUqxiwUoE8CJQv/8wOTJHjtvYXgazYs/VZ2bOD1NoOhtntZwMpn/w==
    dependencies:
      "@material/mwc-base" "^0.20.0"
      "@material/tab-indicator" "=9.0.0-canary.1c156d69d.0"
      lit-element "^2.3.0"
      lit-html "^1.1.2"
      tslib "^2.0.1"
  
  "@material/mwc-tab-scroller@^0.20.0":
    version "0.20.0"
    resolved "https://registry.yarnpkg.com/@material/mwc-tab-scroller/-/mwc-tab-scroller-0.20.0.tgz#5f4ed139a322eef1047a03c3f79aa5df78f7b04e"
    integrity sha512-Q6Gh+xdiTuXtOBJEUz6YBEHakDAdrsiqGJV1x90Oj5PtbSvkEU8dc/QiJBFsCesxK3vssWKLGqeo1GvQSJW0LQ==
    dependencies:
      "@material/dom" "=9.0.0-canary.1c156d69d.0"
      "@material/mwc-base" "^0.20.0"
      "@material/tab-scroller" "=9.0.0-canary.1c156d69d.0"
      lit-element "^2.3.0"
      tslib "^2.0.1"
  
  "@material/mwc-tab@^0.20.0":
    version "0.20.0"
    resolved "https://registry.yarnpkg.com/@material/mwc-tab/-/mwc-tab-0.20.0.tgz#a3445601dab27880e568dc5706738a6517082838"
    integrity sha512-zGHnns1Gj91sucs9GLyN9kSqstWmaKpqeQCAcu98B7D6rI4dZKYgudrwnUUZiu1xqrsWhZy2rSbe8tu075ENVQ==
    dependencies:
      "@material/mwc-base" "^0.20.0"
      "@material/mwc-ripple" "^0.20.0"
      "@material/mwc-tab-indicator" "^0.20.0"
      "@material/tab" "=9.0.0-canary.1c156d69d.0"
      lit-element "^2.3.0"
      lit-html "^1.1.2"
      tslib "^2.0.1"
  
  "@material/mwc-textfield@^0.20.0":
    version "0.20.0"
    resolved "https://registry.yarnpkg.com/@material/mwc-textfield/-/mwc-textfield-0.20.0.tgz#a6f1e90e5e4fd001cf74f7e4ddac4410b3730455"
    integrity sha512-VFy53M6En0REG+jY+E0dpi9PKSF25KwMIXt0OoCdHPLtWhZkCarpwbdkywbvV9GjyAllweVRhtdpLmZgivOV9g==
    dependencies:
      "@material/floating-label" "=9.0.0-canary.1c156d69d.0"
      "@material/line-ripple" "=9.0.0-canary.1c156d69d.0"
      "@material/mwc-base" "^0.20.0"
      "@material/mwc-floating-label" "^0.20.0"
      "@material/mwc-line-ripple" "^0.20.0"
      "@material/mwc-notched-outline" "^0.20.0"
      "@material/textfield" "=9.0.0-canary.1c156d69d.0"
      lit-element "^2.3.0"
      lit-html "^1.1.2"
      tslib "^2.0.1"
  
  "@material/notched-outline@9.0.0-canary.1c156d69d.0", "@material/notched-outline@=9.0.0-canary.1c156d69d.0":
    version "9.0.0-canary.1c156d69d.0"
    resolved "https://registry.yarnpkg.com/@material/notched-outline/-/notched-outline-9.0.0-canary.1c156d69d.0.tgz#a3821fee8afa689167d9ab951206dc1c45c2d8b4"
    integrity sha512-lyIFYE6V/LFGhMAbmmPNQGby5pqbf4JwSiVu0jlEtBy9P+H6x/0iDO9OjaR+YUSHUo4ht9UfuDSfrCHJ/3og0w==
    dependencies:
      "@material/base" "9.0.0-canary.1c156d69d.0"
      "@material/feature-targeting" "9.0.0-canary.1c156d69d.0"
      "@material/floating-label" "9.0.0-canary.1c156d69d.0"
      "@material/rtl" "9.0.0-canary.1c156d69d.0"
      "@material/shape" "9.0.0-canary.1c156d69d.0"
      "@material/theme" "9.0.0-canary.1c156d69d.0"
      tslib "^1.9.3"
  
  "@material/progress-indicator@9.0.0-canary.1c156d69d.0":
    version "9.0.0-canary.1c156d69d.0"
    resolved "https://registry.yarnpkg.com/@material/progress-indicator/-/progress-indicator-9.0.0-canary.1c156d69d.0.tgz#2a43d2c1442909874c5990b7ae893aced071a83d"
    integrity sha512-56lYRqnUcI4L9a/LgfmzDTCKxxW1oOFqIVn3pMCP8hVGslhXY+yGl24qIp13MDW6FBgzx5rf66zB1rQltcSp/g==
    dependencies:
      tslib "^1.9.3"
  
  "@material/ripple@9.0.0-canary.1c156d69d.0", "@material/ripple@=9.0.0-canary.1c156d69d.0":
    version "9.0.0-canary.1c156d69d.0"
    resolved "https://registry.yarnpkg.com/@material/ripple/-/ripple-9.0.0-canary.1c156d69d.0.tgz#1cbfec1c94640140f6c1c0f43a3582a82dbc7671"
    integrity sha512-F1e/LQmYHQFORM/C3hchmANnRwJCXlc7Cp7W+VGpvJdtdzYlTd8DKKcShuOozxUQOjutbNf+Ql8gpZIdYRQaoQ==
    dependencies:
      "@material/animation" "9.0.0-canary.1c156d69d.0"
      "@material/base" "9.0.0-canary.1c156d69d.0"
      "@material/dom" "9.0.0-canary.1c156d69d.0"
      "@material/feature-targeting" "9.0.0-canary.1c156d69d.0"
      "@material/theme" "9.0.0-canary.1c156d69d.0"
      tslib "^1.9.3"
  
  "@material/rtl@8.0.0-canary.01db89053.0":
    version "8.0.0-canary.01db89053.0"
    resolved "https://registry.yarnpkg.com/@material/rtl/-/rtl-8.0.0-canary.01db89053.0.tgz#84288d507095b3a8f6d84aa37faba93dd7a1cbe3"
    integrity sha512-06DXk4/s3qMTi5Rt8ZoR/aoPiD76q7li10YGBYWnXbwf407FlEloLp/gEuUOsQ5ppju2oFdHAijbRJRzHv4Nug==
    dependencies:
      "@material/theme" "8.0.0-canary.01db89053.0"
  
  "@material/rtl@9.0.0-canary.1c156d69d.0":
    version "9.0.0-canary.1c156d69d.0"
    resolved "https://registry.yarnpkg.com/@material/rtl/-/rtl-9.0.0-canary.1c156d69d.0.tgz#0ff1f89f95ea4c67f030e56ce3ffdbfefcea225b"
    integrity sha512-ICx0trLFna0M1Ina/1Nat9aSiB64o7VMs8wyCcidX//n7qFDOb0AtU9h2IB+lvX/UmPZVsDAoaL8iVm6RAqygg==
    dependencies:
      "@material/theme" "9.0.0-canary.1c156d69d.0"
  
  "@material/shape@9.0.0-canary.1c156d69d.0":
    version "9.0.0-canary.1c156d69d.0"
    resolved "https://registry.yarnpkg.com/@material/shape/-/shape-9.0.0-canary.1c156d69d.0.tgz#6d42d7004ed09b4493abf3f732bb855d3c3996ed"
    integrity sha512-3NPm+LNFfY4xsiwy/jo+kY3WIFDwlVyJhq+eimjZ9vpG7STBPyzi1LpiPKvsrk0rmvsy3M0c1alM8E+BQ5+UAg==
    dependencies:
      "@material/feature-targeting" "9.0.0-canary.1c156d69d.0"
      "@material/rtl" "9.0.0-canary.1c156d69d.0"
      "@material/theme" "9.0.0-canary.1c156d69d.0"
  
  "@material/slider@=8.0.0-canary.01db89053.0":
    version "8.0.0-canary.01db89053.0"
    resolved "https://registry.yarnpkg.com/@material/slider/-/slider-8.0.0-canary.01db89053.0.tgz#8fb75b32b59712543e9aa20a3cdaddbcdf06c2d5"
    integrity sha512-5+q7WLC24li3iQXUMx0N8DqOLL8aKLk8uiNkKjbQhLeP8VOFE1spd+3y3KKTKzaC1srAb49WLXsXE3sE/sqDVg==
    dependencies:
      "@material/animation" "8.0.0-canary.01db89053.0"
      "@material/base" "8.0.0-canary.01db89053.0"
      "@material/dom" "8.0.0-canary.01db89053.0"
      "@material/feature-targeting" "8.0.0-canary.01db89053.0"
      "@material/rtl" "8.0.0-canary.01db89053.0"
      "@material/theme" "8.0.0-canary.01db89053.0"
      "@material/typography" "8.0.0-canary.01db89053.0"
      tslib "^1.9.3"
  
  "@material/tab-bar@=9.0.0-canary.1c156d69d.0":
    version "9.0.0-canary.1c156d69d.0"
    resolved "https://registry.yarnpkg.com/@material/tab-bar/-/tab-bar-9.0.0-canary.1c156d69d.0.tgz#d3dc2ea7317410c4fb054b32d88dbbbdf9c34bb3"
    integrity sha512-wtpMK37gxkpbpdTpQh3IlHXx/maUyiYiwRjioIeh3GFQ42ZXW/N/9Ou2HK+qpiGVZDREYyT9TS2U5DiZTmM7tA==
    dependencies:
      "@material/animation" "9.0.0-canary.1c156d69d.0"
      "@material/base" "9.0.0-canary.1c156d69d.0"
      "@material/density" "9.0.0-canary.1c156d69d.0"
      "@material/feature-targeting" "9.0.0-canary.1c156d69d.0"
      "@material/tab" "9.0.0-canary.1c156d69d.0"
      "@material/tab-scroller" "9.0.0-canary.1c156d69d.0"
      tslib "^1.9.3"
  
  "@material/tab-indicator@9.0.0-canary.1c156d69d.0", "@material/tab-indicator@=9.0.0-canary.1c156d69d.0":
    version "9.0.0-canary.1c156d69d.0"
    resolved "https://registry.yarnpkg.com/@material/tab-indicator/-/tab-indicator-9.0.0-canary.1c156d69d.0.tgz#428b53a25cf09de65e1f602f3784b6202844ad48"
    integrity sha512-PglSDSuQY6irrTNpEK/n/MDkZh6nH+iw0H31vt2A7QrG+BPwXrVJeRi6b8y2lvEnoQFp5WK8VavhFDNhcibEtw==
    dependencies:
      "@material/animation" "9.0.0-canary.1c156d69d.0"
      "@material/base" "9.0.0-canary.1c156d69d.0"
      "@material/feature-targeting" "9.0.0-canary.1c156d69d.0"
      "@material/theme" "9.0.0-canary.1c156d69d.0"
      tslib "^1.9.3"
  
  "@material/tab-scroller@9.0.0-canary.1c156d69d.0", "@material/tab-scroller@=9.0.0-canary.1c156d69d.0":
    version "9.0.0-canary.1c156d69d.0"
    resolved "https://registry.yarnpkg.com/@material/tab-scroller/-/tab-scroller-9.0.0-canary.1c156d69d.0.tgz#f65267f3af811af3e7b1a7716a4b4a3cd64571ae"
    integrity sha512-27h/vQv3+qh3YXPSTw/nakkWxgzDXMv3+ZBw+/XAwxu1siRb6EFBzsfLkQGpjVLm2DCPH3Dz4Xq8DOUkAyvd1A==
    dependencies:
      "@material/animation" "9.0.0-canary.1c156d69d.0"
      "@material/base" "9.0.0-canary.1c156d69d.0"
      "@material/dom" "9.0.0-canary.1c156d69d.0"
      "@material/feature-targeting" "9.0.0-canary.1c156d69d.0"
      "@material/tab" "9.0.0-canary.1c156d69d.0"
      tslib "^1.9.3"
  
  "@material/tab@9.0.0-canary.1c156d69d.0", "@material/tab@=9.0.0-canary.1c156d69d.0":
    version "9.0.0-canary.1c156d69d.0"
    resolved "https://registry.yarnpkg.com/@material/tab/-/tab-9.0.0-canary.1c156d69d.0.tgz#eef68160458a4d55b28e96f14b0077a6dd69e88d"
    integrity sha512-gS93t8Yl+djgWA8bFU80amzj2auGg/H3muVIJ1Mncak0CUtX3u6dYyvdKbeecRT9F1Wr4J3L8E0/aQatBOGa1w==
    dependencies:
      "@material/base" "9.0.0-canary.1c156d69d.0"
      "@material/feature-targeting" "9.0.0-canary.1c156d69d.0"
      "@material/ripple" "9.0.0-canary.1c156d69d.0"
      "@material/rtl" "9.0.0-canary.1c156d69d.0"
      "@material/tab-indicator" "9.0.0-canary.1c156d69d.0"
      "@material/theme" "9.0.0-canary.1c156d69d.0"
      "@material/typography" "9.0.0-canary.1c156d69d.0"
      tslib "^1.9.3"
  
  "@material/textfield@=9.0.0-canary.1c156d69d.0":
    version "9.0.0-canary.1c156d69d.0"
    resolved "https://registry.yarnpkg.com/@material/textfield/-/textfield-9.0.0-canary.1c156d69d.0.tgz#2126dc03a0e830d4ff541b150d1bb26db61a074a"
    integrity sha512-pE6qL6j8d+hLLLRl6S2dwWWrvNdj69XUn5BTkImgGcQw9r74TU+b/JVz+WcRG6Ys2s2wdbZalntJbTa20zfzFw==
    dependencies:
      "@material/animation" "9.0.0-canary.1c156d69d.0"
      "@material/base" "9.0.0-canary.1c156d69d.0"
      "@material/density" "9.0.0-canary.1c156d69d.0"
      "@material/dom" "9.0.0-canary.1c156d69d.0"
      "@material/feature-targeting" "9.0.0-canary.1c156d69d.0"
      "@material/floating-label" "9.0.0-canary.1c156d69d.0"
      "@material/line-ripple" "9.0.0-canary.1c156d69d.0"
      "@material/notched-outline" "9.0.0-canary.1c156d69d.0"
      "@material/ripple" "9.0.0-canary.1c156d69d.0"
      "@material/rtl" "9.0.0-canary.1c156d69d.0"
      "@material/shape" "9.0.0-canary.1c156d69d.0"
      "@material/theme" "9.0.0-canary.1c156d69d.0"
      "@material/typography" "9.0.0-canary.1c156d69d.0"
      tslib "^1.9.3"
  
  "@material/theme@8.0.0-canary.01db89053.0":
    version "8.0.0-canary.01db89053.0"
    resolved "https://registry.yarnpkg.com/@material/theme/-/theme-8.0.0-canary.01db89053.0.tgz#eac8b1fb87834cb314420480e1e65af4a84a6d6b"
    integrity sha512-XKk188GWzllx/UfnabIFZa273tYuDjmcHD9oqrsHN1gPKV8cC1n6ynGxPNJkVJI+6CO/5ke9Xqe6MmUCoFoivg==
    dependencies:
      "@material/feature-targeting" "8.0.0-canary.01db89053.0"
  
  "@material/theme@9.0.0-canary.1c156d69d.0", "@material/theme@=9.0.0-canary.1c156d69d.0":
    version "9.0.0-canary.1c156d69d.0"
    resolved "https://registry.yarnpkg.com/@material/theme/-/theme-9.0.0-canary.1c156d69d.0.tgz#2d733dea8f762cc8e35969915dfb3b7359147d1e"
    integrity sha512-r1610TPwUplt4FHMk7cR06Oz1jU/G31wBIh4Frs/YIB0ZonVlI5cZdIkG0IFtNt9ZYWoDwfP/1nQBxdqrDPPhg==
    dependencies:
      "@material/feature-targeting" "9.0.0-canary.1c156d69d.0"
  
  "@material/touch-target@9.0.0-canary.1c156d69d.0":
    version "9.0.0-canary.1c156d69d.0"
    resolved "https://registry.yarnpkg.com/@material/touch-target/-/touch-target-9.0.0-canary.1c156d69d.0.tgz#e2839c73f6df724804c376624af776f32be2c81a"
    integrity sha512-AFymS9cb152a2hEwTc80dVKA0ccNCyMAQNpvB6fEopPMLjO4Hrsu4fIHVyZF5xnz3k/iG59Y6vreHQdHKFGyUw==
    dependencies:
      "@material/base" "9.0.0-canary.1c156d69d.0"
      "@material/feature-targeting" "9.0.0-canary.1c156d69d.0"
  
  "@material/typography@8.0.0-canary.01db89053.0":
    version "8.0.0-canary.01db89053.0"
    resolved "https://registry.yarnpkg.com/@material/typography/-/typography-8.0.0-canary.01db89053.0.tgz#3cf1f33dd9220fee47994d85d406259650b71318"
    integrity sha512-SzlPqvIkToFoisyfkY+Umoxhkl5dr4nNA3CtuBjcYqOsjnUTu0+7iZJWSWdCScGKXnJtVnZjgyTngVqWDGDAZg==
    dependencies:
      "@material/feature-targeting" "8.0.0-canary.01db89053.0"
      "@material/theme" "8.0.0-canary.01db89053.0"
  
  "@material/typography@9.0.0-canary.1c156d69d.0":
    version "9.0.0-canary.1c156d69d.0"
    resolved "https://registry.yarnpkg.com/@material/typography/-/typography-9.0.0-canary.1c156d69d.0.tgz#340328147eaa86efacfad601b6dbdff7ac0388ac"
    integrity sha512-+JgMe2fIP+lVh4l5qXfjH9/JWd+LnfDEiVr2clWHgAc3pc2LQm6VVgUbNkrX3yeWql0x7I/inGfQovza8BeYAw==
    dependencies:
      "@material/feature-targeting" "9.0.0-canary.1c156d69d.0"
      "@material/theme" "9.0.0-canary.1c156d69d.0"
  
  "@rollup/plugin-commonjs@^18.0.0":
    version "18.0.0"
    resolved "https://registry.yarnpkg.com/@rollup/plugin-commonjs/-/plugin-commonjs-18.0.0.tgz#50dc7518b5aa9e66a270e529ea85115d269825c4"
    integrity sha512-fj92shhg8luw7XbA0HowAqz90oo7qtLGwqTKbyZ8pmOyH8ui5e+u0wPEgeHLH3djcVma6gUCUrjY6w5R2o1u6g==
    dependencies:
      "@rollup/pluginutils" "^3.1.0"
      commondir "^1.0.1"
      estree-walker "^2.0.1"
      glob "^7.1.6"
      is-reference "^1.2.1"
      magic-string "^0.25.7"
      resolve "^1.17.0"
  
  "@rollup/plugin-json@^4.1.0":
    version "4.1.0"
    resolved "https://registry.yarnpkg.com/@rollup/plugin-json/-/plugin-json-4.1.0.tgz#54e09867ae6963c593844d8bd7a9c718294496f3"
    integrity sha512-yfLbTdNS6amI/2OpmbiBoW12vngr5NW2jCJVZSBEz+H5KfUJZ2M7sDjk0U6GOOdCWFVScShte29o9NezJ53TPw==
    dependencies:
      "@rollup/pluginutils" "^3.0.8"
  
  "@rollup/plugin-node-resolve@^11.2.1":
    version "11.2.1"
    resolved "https://registry.yarnpkg.com/@rollup/plugin-node-resolve/-/plugin-node-resolve-11.2.1.tgz#82aa59397a29cd4e13248b106e6a4a1880362a60"
    integrity sha512-yc2n43jcqVyGE2sqV5/YCmocy9ArjVAP/BeXyTtADTBBX6V0e5UMqwO8CdQ0kzjb6zu5P1qMzsScCMRvE9OlVg==
    dependencies:
      "@rollup/pluginutils" "^3.1.0"
      "@types/resolve" "1.17.1"
      builtin-modules "^3.1.0"
      deepmerge "^4.2.2"
      is-module "^1.0.0"
      resolve "^1.19.0"
  
  "@rollup/plugin-typescript@^8.2.1":
    version "8.2.1"
    resolved "https://registry.yarnpkg.com/@rollup/plugin-typescript/-/plugin-typescript-8.2.1.tgz#f1a32d4030cc83432ce36a80a922280f0f0b5d44"
    integrity sha512-Qd2E1pleDR4bwyFxqbjt4eJf+wB0UKVMLc7/BAFDGVdAXQMCsD4DUv5/7/ww47BZCYxWtJqe1Lo0KVNswBJlRw==
    dependencies:
      "@rollup/pluginutils" "^3.1.0"
      resolve "^1.17.0"
  
  "@rollup/pluginutils@^3.0.8", "@rollup/pluginutils@^3.1.0":
    version "3.1.0"
    resolved "https://registry.yarnpkg.com/@rollup/pluginutils/-/pluginutils-3.1.0.tgz#706b4524ee6dc8b103b3c995533e5ad680c02b9b"
    integrity sha512-GksZ6pr6TpIjHm8h9lSQ8pi8BE9VeubNT0OMJ3B5uZJ8pz73NPiqOtCog/x2/QzM1ENChPKxMDhiQuRHsqc+lg==
    dependencies:
      "@types/estree" "0.0.39"
      estree-walker "^1.0.1"
      picomatch "^2.2.2"
  
  "@types/estree@*":
    version "0.0.47"
    resolved "https://registry.yarnpkg.com/@types/estree/-/estree-0.0.47.tgz#d7a51db20f0650efec24cd04994f523d93172ed4"
    integrity sha512-c5ciR06jK8u9BstrmJyO97m+klJrrhCf9u3rLu3DEAJBirxRqSCvDQoYKmxuYwQI5SZChAWu+tq9oVlGRuzPAg==
  
  "@types/estree@0.0.39":
    version "0.0.39"
    resolved "https://registry.yarnpkg.com/@types/estree/-/estree-0.0.39.tgz#e177e699ee1b8c22d23174caaa7422644389509f"
    integrity sha512-EYNwp3bU+98cpU4lAWYYL7Zz+2gryWH1qbdDTidVd6hkiR6weksdbMadyXKXNPEkQFhXM+hVO9ZygomHXp+AIw==
  
  "@types/ms@^0.7.31":
    version "0.7.31"
    resolved "https://registry.yarnpkg.com/@types/ms/-/ms-0.7.31.tgz#31b7ca6407128a3d2bbc27fe2d21b345397f6197"
    integrity sha512-iiUgKzV9AuaEkZqkOLDIvlQiL6ltuZd9tGcW3gwpnX8JbuiuhFlEGmmFXEXkN50Cvq7Os88IY2v0dkDqXYWVgA==
  
  "@types/node@*", "@types/node@^14.14.37":
    version "14.14.37"
    resolved "https://registry.yarnpkg.com/@types/node/-/node-14.14.37.tgz#a3dd8da4eb84a996c36e331df98d82abd76b516e"
    integrity sha512-XYmBiy+ohOR4Lh5jE379fV2IU+6Jn4g5qASinhitfyO71b/sCo6MKsMLF5tc7Zf2CE8hViVQyYSobJNke8OvUw==
  
  "@types/resolve@1.17.1":
    version "1.17.1"
    resolved "https://registry.yarnpkg.com/@types/resolve/-/resolve-1.17.1.tgz#3afd6ad8967c77e4376c598a82ddd58f46ec45d6"
    integrity sha512-yy7HuzQhj0dhGpD8RLXSZWEkLsV9ibvxvi6EiJ3bkqLAO1RGo0WbkWQiwpRlSFymTJRz0d3k5LM3kkx8ArDbLw==
    dependencies:
      "@types/node" "*"
  
  "@types/yargs-parser@*":
    version "20.2.0"
    resolved "https://registry.yarnpkg.com/@types/yargs-parser/-/yargs-parser-20.2.0.tgz#dd3e6699ba3237f0348cd085e4698780204842f9"
    integrity sha512-37RSHht+gzzgYeobbG+KWryeAW8J33Nhr69cjTqSYymXVZEN9NbRYWoYlRtDhHKPVT1FyNKwaTPC1NynKZpzRA==
  
  "@types/yargs@^16.0.1":
    version "16.0.1"
    resolved "https://registry.yarnpkg.com/@types/yargs/-/yargs-16.0.1.tgz#5fc5d41f69762e00fbecbc8d4bf9dea47d8726f4"
    integrity sha512-x4HABGLyzr5hKUzBC9dvjciOTm11WVH1NWonNjGgxapnTHu5SWUqyqn0zQ6Re0yQU0lsQ6ztLCoMAKDGZflyxA==
    dependencies:
      "@types/yargs-parser" "*"
  
  ansi-regex@^5.0.0:
    version "5.0.0"
    resolved "https://registry.yarnpkg.com/ansi-regex/-/ansi-regex-5.0.0.tgz#388539f55179bf39339c81af30a654d69f87cb75"
    integrity sha512-bY6fj56OUQ0hU1KjFNDQuJFezqKdrAyFdIevADiqrWHwSlbmBNMHp5ak2f40Pm8JTFyM2mqxkG6ngkHO11f/lg==
  
  ansi-styles@^4.0.0, ansi-styles@^4.1.0:
    version "4.3.0"
    resolved "https://registry.yarnpkg.com/ansi-styles/-/ansi-styles-4.3.0.tgz#edd803628ae71c04c85ae7a0906edad34b648937"
    integrity sha512-zbB9rCJAT1rbjiVDb2hqKFHNYLxgtk8NURxZ3IZwD3F6NtxbXZQCnnSi1Lkx+IDohdPlFp222wVALIheZJQSEg==
    dependencies:
      color-convert "^2.0.1"
  
  arg@^4.1.0:
    version "4.1.3"
    resolved "https://registry.yarnpkg.com/arg/-/arg-4.1.3.tgz#269fc7ad5b8e42cb63c896d5666017261c144089"
    integrity sha512-58S9QDqG0Xx27YwPSt9fJxivjYl432YCwfDMfZ+71RAqUrZef7LrKQZ3LHLOwCS4FLNBplP533Zx895SeOCHvA==
  
  balanced-match@^1.0.0:
    version "1.0.2"
    resolved "https://registry.yarnpkg.com/balanced-match/-/balanced-match-1.0.2.tgz#e83e3a7e3f300b34cb9d87f615fa0cbf357690ee"
    integrity sha512-3oSeUO0TMV67hN1AmbXsK4yaqU7tjiHlbxRDZOpH0KW9+CeX4bRAaX0Anxt0tx2MrpRpWwQaPwIlISEJhYU5Pw==
  
  blocking-elements@^0.1.0:
    version "0.1.1"
    resolved "https://registry.yarnpkg.com/blocking-elements/-/blocking-elements-0.1.1.tgz#6acddbe2714a029a1774e9219bcf38736e07ded3"
    integrity sha512-/SLWbEzMoVIMZACCyhD/4Ya2M1PWP1qMKuiymowPcI+PdWDARqeARBjhj73kbUBCxEmTZCUu5TAqxtwUO9C1Ig==
  
  brace-expansion@^1.1.7:
    version "1.1.11"
    resolved "https://registry.yarnpkg.com/brace-expansion/-/brace-expansion-1.1.11.tgz#3c7fcbf529d87226f3d2f52b966ff5271eb441dd"
    integrity sha512-iCuPHDFgrHX7H2vEI/5xpz07zSHB00TpugqhmYtVmMO6518mCuRMoOYFldEBl0g187ufozdaHgWKcYFb61qGiA==
    dependencies:
      balanced-match "^1.0.0"
      concat-map "0.0.1"
  
  buffer-from@^1.0.0:
    version "1.1.1"
    resolved "https://registry.yarnpkg.com/buffer-from/-/buffer-from-1.1.1.tgz#32713bc028f75c02fdb710d7c7bcec1f2c6070ef"
    integrity sha512-MQcXEUbCKtEo7bhqEs6560Hyd4XaovZlO/k9V3hjVUF/zwW7KBVdSK4gIt/bzwS9MbR5qob+F5jusZsb0YQK2A==
  
  builtin-modules@^3.1.0:
    version "3.2.0"
    resolved "https://registry.yarnpkg.com/builtin-modules/-/builtin-modules-3.2.0.tgz#45d5db99e7ee5e6bc4f362e008bf917ab5049887"
    integrity sha512-lGzLKcioL90C7wMczpkY0n/oART3MbBa8R9OFGE1rJxoVI86u4WAGfEk8Wjv10eKSyTHVGkSo3bvBylCEtk7LA==
  
  chalk@^4.1.0:
    version "4.1.0"
    resolved "https://registry.yarnpkg.com/chalk/-/chalk-4.1.0.tgz#4e14870a618d9e2edd97dd8345fd9d9dc315646a"
    integrity sha512-qwx12AxXe2Q5xQ43Ac//I6v5aXTipYrSESdOgzrN+9XjgEpyjpKuvSGaN4qE93f7TQTlerQQ8S+EQ0EyDoVL1A==
    dependencies:
      ansi-styles "^4.1.0"
      supports-color "^7.1.0"
  
  cliui@^7.0.2:
    version "7.0.4"
    resolved "https://registry.yarnpkg.com/cliui/-/cliui-7.0.4.tgz#a0265ee655476fc807aea9df3df8df7783808b4f"
    integrity sha512-OcRE68cOsVMXp1Yvonl/fzkQOyjLSu/8bhPDfQt0e0/Eb283TKP20Fs2MqoPsr9SwA595rRCA+QMzYc9nBP+JQ==
    dependencies:
      string-width "^4.2.0"
      strip-ansi "^6.0.0"
      wrap-ansi "^7.0.0"
  
  color-convert@^2.0.1:
    version "2.0.1"
    resolved "https://registry.yarnpkg.com/color-convert/-/color-convert-2.0.1.tgz#72d3a68d598c9bdb3af2ad1e84f21d896abd4de3"
    integrity sha512-RRECPsj7iu/xb5oKYcsFHSppFNnsj/52OVTRKb4zP5onXwVF3zVmmToNcOfGC+CRDpfK/U584fMg38ZHCaElKQ==
    dependencies:
      color-name "~1.1.4"
  
  color-name@~1.1.4:
    version "1.1.4"
    resolved "https://registry.yarnpkg.com/color-name/-/color-name-1.1.4.tgz#c2a09a87acbde69543de6f63fa3995c826c536a2"
    integrity sha512-dOy+3AuW3a2wNbZHIuMZpTcgjGuLU/uBL/ubcZF9OXbDo8ff4O8yVp5Bf0efS8uEoYo5q4Fx7dY9OgQGXgAsQA==
  
  commondir@^1.0.1:
    version "1.0.1"
    resolved "https://registry.yarnpkg.com/commondir/-/commondir-1.0.1.tgz#ddd800da0c66127393cca5950ea968a3aaf1253b"
    integrity sha1-3dgA2gxmEnOTzKWVDqloo6rxJTs=
  
  concat-map@0.0.1:
    version "0.0.1"
    resolved "https://registry.yarnpkg.com/concat-map/-/concat-map-0.0.1.tgz#d8a96bd77fd68df7793a73036a3ba0d5405d477b"
    integrity sha1-2Klr13/Wjfd5OnMDajug1UBdR3s=
  
  create-require@^1.1.0:
    version "1.1.1"
    resolved "https://registry.yarnpkg.com/create-require/-/create-require-1.1.1.tgz#c1d7e8f1e5f6cfc9ff65f9cd352d37348756c333"
    integrity sha512-dcKFX3jn0MpIaXjisoRvexIJVEKzaq7z2rZKxf+MSr9TkdmHmsU4m2lcLojrj/FHl8mk5VxMmYA+ftRkP/3oKQ==
  
  deepmerge@^4.2.2:
    version "4.2.2"
    resolved "https://registry.yarnpkg.com/deepmerge/-/deepmerge-4.2.2.tgz#44d2ea3679b8f4d4ffba33f03d865fc1e7bf4955"
    integrity sha512-FJ3UgI4gIl+PHZm53knsuSFpE+nESMr7M4v9QcgB7S63Kj/6WqMiFQJpBBYz1Pt+66bZpP3Q7Lye0Oo9MPKEdg==
  
  diff@^4.0.1:
    version "4.0.2"
    resolved "https://registry.yarnpkg.com/diff/-/diff-4.0.2.tgz#60f3aecb89d5fae520c11aa19efc2bb982aade7d"
    integrity sha512-58lmxKSA4BNyLz+HHMUzlOEpg09FV+ev6ZMe3vJihgdxzgcwZ8VoEEPmALCZG9LmqfVoNMMKpttIYTVG6uDY7A==
  
  emoji-regex@^8.0.0:
    version "8.0.0"
    resolved "https://registry.yarnpkg.com/emoji-regex/-/emoji-regex-8.0.0.tgz#e818fd69ce5ccfcb404594f842963bf53164cc37"
    integrity sha512-MSjYzcWNOA0ewAHpz0MxpYFvwg6yjy1NG3xteoqz644VCo/RPgnr1/GGt+ic3iJTzQ8Eu3TdM14SawnVUmGE6A==
  
  escalade@^3.1.1:
    version "3.1.1"
    resolved "https://registry.yarnpkg.com/escalade/-/escalade-3.1.1.tgz#d8cfdc7000965c5a0174b4a82eaa5c0552742e40"
    integrity sha512-k0er2gUkLf8O0zKJiAhmkTnJlTvINGv7ygDNPbeIsX/TJjGJZHuh9B2UxbsaEkmlEo9MfhrSzmhIlhRlI2GXnw==
  
  estree-walker@^1.0.1:
    version "1.0.1"
    resolved "https://registry.yarnpkg.com/estree-walker/-/estree-walker-1.0.1.tgz#31bc5d612c96b704106b477e6dd5d8aa138cb700"
    integrity sha512-1fMXF3YP4pZZVozF8j/ZLfvnR8NSIljt56UhbZ5PeeDmmGHpgpdwQt7ITlGvYaQukCvuBRMLEiKiYC+oeIg4cg==
  
  estree-walker@^2.0.1:
    version "2.0.2"
    resolved "https://registry.yarnpkg.com/estree-walker/-/estree-walker-2.0.2.tgz#52f010178c2a4c117a7757cfe942adb7d2da4cac"
    integrity sha512-Rfkk/Mp/DL7JVje3u18FxFujQlTNR2q6QfMSMB7AvCBx91NGj/ba3kCfza0f6dVDbw7YlRf/nDrn7pQrCCyQ/w==
  
  fs.realpath@^1.0.0:
    version "1.0.0"
    resolved "https://registry.yarnpkg.com/fs.realpath/-/fs.realpath-1.0.0.tgz#1504ad2523158caa40db4a2787cb01411994ea4f"
    integrity sha1-FQStJSMVjKpA20onh8sBQRmU6k8=
  
  fsevents@~2.3.1:
    version "2.3.2"
    resolved "https://registry.yarnpkg.com/fsevents/-/fsevents-2.3.2.tgz#8a526f78b8fdf4623b709e0b975c52c24c02fd1a"
    integrity sha512-xiqMQR4xAeHTuB9uWm+fFRcIOgKBMiOBP+eXiyT7jsgVCq1bkVygt00oASowB7EdtpOHaaPgKt812P9ab+DDKA==
  
  function-bind@^1.1.1:
    version "1.1.1"
    resolved "https://registry.yarnpkg.com/function-bind/-/function-bind-1.1.1.tgz#a56899d3ea3c9bab874bb9773b7c5ede92f4895d"
    integrity sha512-yIovAzMX49sF8Yl58fSCWJ5svSLuaibPxXQJFLmBObTuCr0Mf1KiPopGM9NiFjiYBCbfaa2Fh6breQ6ANVTI0A==
  
  get-caller-file@^2.0.5:
    version "2.0.5"
    resolved "https://registry.yarnpkg.com/get-caller-file/-/get-caller-file-2.0.5.tgz#4f94412a82db32f36e3b0b9741f8a97feb031f7e"
    integrity sha512-DyFP3BM/3YHTQOCUL/w0OZHR0lpKeGrxotcHWcqNEdnltqFwXVfhEBQ94eIo34AfQpo0rGki4cyIiftY06h2Fg==
  
  glob@^7.1.6:
    version "7.1.6"
    resolved "https://registry.yarnpkg.com/glob/-/glob-7.1.6.tgz#141f33b81a7c2492e125594307480c46679278a6"
    integrity sha512-LwaxwyZ72Lk7vZINtNNrywX0ZuLyStrdDtabefZKAY5ZGJhVtgdznluResxNmPitE0SAO+O26sWTHeKSI2wMBA==
    dependencies:
      fs.realpath "^1.0.0"
      inflight "^1.0.4"
      inherits "2"
      minimatch "^3.0.4"
      once "^1.3.0"
      path-is-absolute "^1.0.0"
  
  has-flag@^4.0.0:
    version "4.0.0"
    resolved "https://registry.yarnpkg.com/has-flag/-/has-flag-4.0.0.tgz#944771fd9c81c81265c4d6941860da06bb59479b"
    integrity sha512-EykJT/Q1KjTWctppgIAgfSO0tKVuZUjhgMr17kqTumMl6Afv3EISleU7qZUzoXDFTAHTDC4NOoG/ZxU3EvlMPQ==
  
  has@^1.0.3:
    version "1.0.3"
    resolved "https://registry.yarnpkg.com/has/-/has-1.0.3.tgz#722d7cbfc1f6aa8241f16dd814e011e1f41e8796"
    integrity sha512-f2dvO0VU6Oej7RkWJGrehjbzMAjFp5/VKPp5tTpWIV4JHHZK1/BxbFRtf/siA2SWTe09caDmVtYYzWEIbBS4zw==
    dependencies:
      function-bind "^1.1.1"
  
  inflight@^1.0.4:
    version "1.0.6"
    resolved "https://registry.yarnpkg.com/inflight/-/inflight-1.0.6.tgz#49bd6331d7d02d0c09bc910a1075ba8165b56df9"
    integrity sha1-Sb1jMdfQLQwJvJEKEHW6gWW1bfk=
    dependencies:
      once "^1.3.0"
      wrappy "1"
  
  inherits@2:
    version "2.0.4"
    resolved "https://registry.yarnpkg.com/inherits/-/inherits-2.0.4.tgz#0fa2c64f932917c3433a0ded55363aae37416b7c"
    integrity sha512-k/vGaX4/Yla3WzyMCvTQOXYeIHvqOKtnqBduzTHpzpQZzAskKMhZ2K+EnBiSM9zGSoIFeMpXKxa4dYeZIQqewQ==
  
  is-core-module@^2.2.0:
    version "2.2.0"
    resolved "https://registry.yarnpkg.com/is-core-module/-/is-core-module-2.2.0.tgz#97037ef3d52224d85163f5597b2b63d9afed981a"
    integrity sha512-XRAfAdyyY5F5cOXn7hYQDqh2Xmii+DEfIcQGxK/uNwMHhIkPWO0g8msXcbzLe+MpGoR951MlqM/2iIlU4vKDdQ==
    dependencies:
      has "^1.0.3"
  
  is-fullwidth-code-point@^3.0.0:
    version "3.0.0"
    resolved "https://registry.yarnpkg.com/is-fullwidth-code-point/-/is-fullwidth-code-point-3.0.0.tgz#f116f8064fe90b3f7844a38997c0b75051269f1d"
    integrity sha512-zymm5+u+sCsSWyD9qNaejV3DFvhCKclKdizYaJUuHA83RLjb7nSuGnddCHGv0hk+KY7BMAlsWeK4Ueg6EV6XQg==
  
  is-module@^1.0.0:
    version "1.0.0"
    resolved "https://registry.yarnpkg.com/is-module/-/is-module-1.0.0.tgz#3258fb69f78c14d5b815d664336b4cffb6441591"
    integrity sha1-Mlj7afeMFNW4FdZkM2tM/7ZEFZE=
  
  is-reference@^1.2.1:
    version "1.2.1"
    resolved "https://registry.yarnpkg.com/is-reference/-/is-reference-1.2.1.tgz#8b2dac0b371f4bc994fdeaba9eb542d03002d0b7"
    integrity sha512-U82MsXXiFIrjCK4otLT+o2NA2Cd2g5MLoOVXUZjIOhLurrRxpEXzI8O0KZHr3IjLvlAH1kTPYSuqer5T9ZVBKQ==
    dependencies:
      "@types/estree" "*"
  
  lit-element@^2.3.0, lit-element@^2.4.0:
    version "2.4.0"
    resolved "https://registry.yarnpkg.com/lit-element/-/lit-element-2.4.0.tgz#b22607a037a8fc08f5a80736dddf7f3f5d401452"
    integrity sha512-pBGLglxyhq/Prk2H91nA0KByq/hx/wssJBQFiYqXhGDvEnY31PRGYf1RglVzyLeRysu0IHm2K0P196uLLWmwFg==
    dependencies:
      lit-html "^1.1.1"
  
  lit-html@^1.1.1, lit-html@^1.1.2, lit-html@^1.3.0:
    version "1.3.0"
    resolved "https://registry.yarnpkg.com/lit-html/-/lit-html-1.3.0.tgz#c80f3cc5793a6dea6c07172be90a70ab20e56034"
    integrity sha512-0Q1bwmaFH9O14vycPHw8C/IeHMk/uSDldVLIefu/kfbTBGIc44KGH6A8p1bDfxUfHdc8q6Ct7kQklWoHgr4t1Q==
  
  magic-string@^0.25.7:
    version "0.25.7"
    resolved "https://registry.yarnpkg.com/magic-string/-/magic-string-0.25.7.tgz#3f497d6fd34c669c6798dcb821f2ef31f5445051"
    integrity sha512-4CrMT5DOHTDk4HYDlzmwu4FVCcIYI8gauveasrdCu2IKIFOJ3f0v/8MDGJCDL9oD2ppz/Av1b0Nj345H9M+XIA==
    dependencies:
      sourcemap-codec "^1.4.4"
  
  make-error@^1.1.1:
    version "1.3.6"
    resolved "https://registry.yarnpkg.com/make-error/-/make-error-1.3.6.tgz#2eb2e37ea9b67c4891f684a1394799af484cf7a2"
    integrity sha512-s8UhlNe7vPKomQhC1qFelMokr/Sc3AgNbso3n74mVPA5LTZwkB9NlXf4XPamLxJE8h0gh73rM94xvwRT2CVInw==
  
  minimatch@^3.0.4:
    version "3.0.4"
    resolved "https://registry.yarnpkg.com/minimatch/-/minimatch-3.0.4.tgz#5166e286457f03306064be5497e8dbb0c3d32083"
    integrity sha512-yJHVQEhyqPLUTgt9B83PXu6W3rx4MvvHvSUvToogpwoGDOUQ+yDrR0HRot+yOCdCO7u4hX3pWft6kWBBcqh0UA==
    dependencies:
      brace-expansion "^1.1.7"
  
  ms@^2.1.3:
    version "2.1.3"
    resolved "https://registry.yarnpkg.com/ms/-/ms-2.1.3.tgz#574c8138ce1d2b5861f0b44579dbadd60c6615b2"
    integrity sha512-6FlzubTLZG3J2a/NVCAleEhjzq5oxgHyaCU9yYXvcLsvoVaHJq/s5xXI6/XXP6tz7R9xAOtHnSO/tXtF3WRTlA==
  
  node-fetch@^2.6.1:
    version "2.6.1"
    resolved "https://registry.yarnpkg.com/node-fetch/-/node-fetch-2.6.1.tgz#045bd323631f76ed2e2b55573394416b639a0052"
    integrity sha512-V4aYg89jEoVRxRb2fJdAg8FHvI7cEyYdVAh94HH0UIK8oJxUfkjlDQN9RbMx+bEjP7+ggMiFRprSti032Oipxw==
  
  once@^1.3.0:
    version "1.4.0"
    resolved "https://registry.yarnpkg.com/once/-/once-1.4.0.tgz#583b1aa775961d4b113ac17d9c50baef9dd76bd1"
    integrity sha1-WDsap3WWHUsROsF9nFC6753Xa9E=
    dependencies:
      wrappy "1"
  
  path-is-absolute@^1.0.0:
    version "1.0.1"
    resolved "https://registry.yarnpkg.com/path-is-absolute/-/path-is-absolute-1.0.1.tgz#174b9268735534ffbc7ace6bf53a5a9e1b5c5f5f"
    integrity sha1-F0uSaHNVNP+8es5r9TpanhtcX18=
  
  path-parse@^1.0.6:
    version "1.0.6"
    resolved "https://registry.yarnpkg.com/path-parse/-/path-parse-1.0.6.tgz#d62dbb5679405d72c4737ec58600e9ddcf06d24c"
    integrity sha512-GSmOT2EbHrINBf9SR7CDELwlJ8AENk3Qn7OikK4nFYAu3Ote2+JYNVvkpAEQm3/TLNEJFD/xZJjzyxg3KBWOzw==
  
  picomatch@^2.2.2:
    version "2.2.2"
    resolved "https://registry.yarnpkg.com/picomatch/-/picomatch-2.2.2.tgz#21f333e9b6b8eaff02468f5146ea406d345f4dad"
    integrity sha512-q0M/9eZHzmr0AulXyPwNfZjtwZ/RBZlbN3K3CErVrk50T2ASYI7Bye0EvekFY3IP1Nt2DHu0re+V2ZHIpMkuWg==
  
  require-directory@^2.1.1:
    version "2.1.1"
    resolved "https://registry.yarnpkg.com/require-directory/-/require-directory-2.1.1.tgz#8c64ad5fd30dab1c976e2344ffe7f792a6a6df42"
    integrity sha1-jGStX9MNqxyXbiNE/+f3kqam30I=
  
  resolve@^1.17.0, resolve@^1.19.0:
    version "1.20.0"
    resolved "https://registry.yarnpkg.com/resolve/-/resolve-1.20.0.tgz#629a013fb3f70755d6f0b7935cc1c2c5378b1975"
    integrity sha512-wENBPt4ySzg4ybFQW2TT1zMQucPK95HSh/nq2CFTZVOGut2+pQvSsgtda4d26YrYcr067wjbmzOG8byDPBX63A==
    dependencies:
      is-core-module "^2.2.0"
      path-parse "^1.0.6"
  
  rollup@^2.44.0:
    version "2.44.0"
    resolved "https://registry.yarnpkg.com/rollup/-/rollup-2.44.0.tgz#8da324d1c4fd12beef9ae6e12f4068265b6d95eb"
    integrity sha512-rGSF4pLwvuaH/x4nAS+zP6UNn5YUDWf/TeEU5IoXSZKBbKRNTCI3qMnYXKZgrC0D2KzS2baiOZt1OlqhMu5rnQ==
    optionalDependencies:
      fsevents "~2.3.1"
  
  source-map-support@^0.5.17:
    version "0.5.19"
    resolved "https://registry.yarnpkg.com/source-map-support/-/source-map-support-0.5.19.tgz#a98b62f86dcaf4f67399648c085291ab9e8fed61"
    integrity sha512-Wonm7zOCIJzBGQdB+thsPar0kYuCIzYvxZwlBa87yi/Mdjv7Tip2cyVbLj5o0cFPN4EVkuTwb3GDDyUx2DGnGw==
    dependencies:
      buffer-from "^1.0.0"
      source-map "^0.6.0"
  
  source-map@^0.6.0:
    version "0.6.1"
    resolved "https://registry.yarnpkg.com/source-map/-/source-map-0.6.1.tgz#74722af32e9614e9c287a8d0bbde48b5e2f1a263"
    integrity sha512-UjgapumWlbMhkBgzT7Ykc5YXUT46F0iKu8SGXq0bcwP5dz/h0Plj6enJqjz1Zbq2l5WaqYnrVbwWOWMyF3F47g==
  
  sourcemap-codec@^1.4.4:
    version "1.4.8"
    resolved "https://registry.yarnpkg.com/sourcemap-codec/-/sourcemap-codec-1.4.8.tgz#ea804bd94857402e6992d05a38ef1ae35a9ab4c4"
    integrity sha512-9NykojV5Uih4lgo5So5dtw+f0JgJX30KCNI8gwhz2J9A15wD0Ml6tjHKwf6fTSa6fAdVBdZeNOs9eJ71qCk8vA==
  
  string-width@^4.1.0, string-width@^4.2.0:
    version "4.2.2"
    resolved "https://registry.yarnpkg.com/string-width/-/string-width-4.2.2.tgz#dafd4f9559a7585cfba529c6a0a4f73488ebd4c5"
    integrity sha512-XBJbT3N4JhVumXE0eoLU9DCjcaF92KLNqTmFCnG1pf8duUxFGwtP6AD6nkjw9a3IdiRtL3E2w3JDiE/xi3vOeA==
    dependencies:
      emoji-regex "^8.0.0"
      is-fullwidth-code-point "^3.0.0"
      strip-ansi "^6.0.0"
  
  strip-ansi@^6.0.0:
    version "6.0.0"
    resolved "https://registry.yarnpkg.com/strip-ansi/-/strip-ansi-6.0.0.tgz#0b1571dd7669ccd4f3e06e14ef1eed26225ae532"
    integrity sha512-AuvKTrTfQNYNIctbR1K/YGTR1756GycPsg7b9bdV9Duqur4gv6aKqHXah67Z8ImS7WEz5QVcOtlfW2rZEugt6w==
    dependencies:
      ansi-regex "^5.0.0"
  
  supports-color@^7.1.0:
    version "7.2.0"
    resolved "https://registry.yarnpkg.com/supports-color/-/supports-color-7.2.0.tgz#1b7dcdcb32b8138801b3e478ba6a51caa89648da"
    integrity sha512-qpCAvRl9stuOHveKsn7HncJRvv501qIacKzQlO/+Lwxc9+0q2wLyv4Dfvt80/DPn2pqOBsJdDiogXGR9+OvwRw==
    dependencies:
      has-flag "^4.0.0"
  
  ts-node@^9.1.1:
    version "9.1.1"
    resolved "https://registry.yarnpkg.com/ts-node/-/ts-node-9.1.1.tgz#51a9a450a3e959401bda5f004a72d54b936d376d"
    integrity sha512-hPlt7ZACERQGf03M253ytLY3dHbGNGrAq9qIHWUY9XHYl1z7wYngSr3OQ5xmui8o2AaxsONxIzjafLUiWBo1Fg==
    dependencies:
      arg "^4.1.0"
      create-require "^1.1.0"
      diff "^4.0.1"
      make-error "^1.1.1"
      source-map-support "^0.5.17"
      yn "3.1.1"
  
  tslib@^1.9.3:
    version "1.14.1"
    resolved "https://registry.yarnpkg.com/tslib/-/tslib-1.14.1.tgz#cf2d38bdc34a134bcaf1091c41f6619e2f672d00"
    integrity sha512-Xni35NKzjgMrwevysHTCArtLDpPvye8zV/0E4EyYn43P7/7qvQwPh9BGkHewbMulVntbigmcT7rdX3BNo9wRJg==
  
  tslib@^2.0.1:
    version "2.2.0"
    resolved "https://registry.yarnpkg.com/tslib/-/tslib-2.2.0.tgz#fb2c475977e35e241311ede2693cee1ec6698f5c"
    integrity sha512-gS9GVHRU+RGn5KQM2rllAlR3dU6m7AcpJKdtH8gFvQiC4Otgk98XnmMU+nZenHt/+VhnBPWwgrJsyrdcw6i23w==
  
  tslib@^2.3.1:
    version "2.3.1"
    resolved "https://registry.yarnpkg.com/tslib/-/tslib-2.3.1.tgz#e8a335add5ceae51aa261d32a490158ef042ef01"
    integrity sha512-77EbyPPpMz+FRFRuAFlWMtmgUWGe9UOG2Z25NqCwiIjRhOf5iKGuzSe5P2w1laq+FkRy4p+PCuVkJSGkzTEKVw==
  
  typescript@^4.5.3:
    version "4.5.3"
    resolved "https://registry.yarnpkg.com/typescript/-/typescript-4.5.3.tgz#afaa858e68c7103317d89eb90c5d8906268d353c"
    integrity sha512-eVYaEHALSt+s9LbvgEv4Ef+Tdq7hBiIZgii12xXJnukryt3pMgJf6aKhoCZ3FWQsu6sydEnkg11fYXLzhLBjeQ==
  
  wicg-inert@^3.0.0:
    version "3.1.1"
    resolved "https://registry.yarnpkg.com/wicg-inert/-/wicg-inert-3.1.1.tgz#b033fd4fbfb9e3fd709e5d84becbdf2e06e5c229"
    integrity sha512-PhBaNh8ur9Xm4Ggy4umelwNIP6pPP1bv3EaWaKqfb/QNme2rdLjm7wIInvV4WhxVHhzA4Spgw9qNSqWtB/ca2A==
  
  wrap-ansi@^7.0.0:
    version "7.0.0"
    resolved "https://registry.yarnpkg.com/wrap-ansi/-/wrap-ansi-7.0.0.tgz#67e145cff510a6a6984bdf1152911d69d2eb9e43"
    integrity sha512-YVGIj2kamLSTxw6NsZjoBxfSwsn0ycdesmc4p+Q21c5zPuZ1pl+NfxVdxPtdHvmNVOQ6XSYG4AUtyt/Fi7D16Q==
    dependencies:
      ansi-styles "^4.0.0"
      string-width "^4.1.0"
      strip-ansi "^6.0.0"
  
  wrappy@1:
    version "1.0.2"
    resolved "https://registry.yarnpkg.com/wrappy/-/wrappy-1.0.2.tgz#b5243d8f3ec1aa35f1364605bc0d1036e30ab69f"
    integrity sha1-tSQ9jz7BqjXxNkYFvA0QNuMKtp8=
  
  y18n@^5.0.5:
    version "5.0.5"
    resolved "https://registry.yarnpkg.com/y18n/-/y18n-5.0.5.tgz#8769ec08d03b1ea2df2500acef561743bbb9ab18"
    integrity sha512-hsRUr4FFrvhhRH12wOdfs38Gy7k2FFzB9qgN9v3aLykRq0dRcdcpz5C9FxdS2NuhOrI/628b/KSTJ3rwHysYSg==
  
  yargs-parser@^20.2.2:
    version "20.2.7"
    resolved "https://registry.yarnpkg.com/yargs-parser/-/yargs-parser-20.2.7.tgz#61df85c113edfb5a7a4e36eb8aa60ef423cbc90a"
    integrity sha512-FiNkvbeHzB/syOjIUxFDCnhSfzAL8R5vs40MgLFBorXACCOAEaWu0gRZl14vG8MR9AOJIZbmkjhusqBYZ3HTHw==
  
  yargs@^16.2.0:
    version "16.2.0"
    resolved "https://registry.yarnpkg.com/yargs/-/yargs-16.2.0.tgz#1c82bf0f6b6a66eafce7ef30e376f49a12477f66"
    integrity sha512-D1mvvtDG0L5ft/jGWkLpG1+m0eQxOfaBvTNELraWj22wSVUMWxZUvYgJYcKh6jGGIkJFhH4IZPQhR4TKpc8mBw==
    dependencies:
      cliui "^7.0.2"
      escalade "^3.1.1"
      get-caller-file "^2.0.5"
      require-directory "^2.1.1"
      string-width "^4.2.0"
      y18n "^5.0.5"
      yargs-parser "^20.2.2"
  
  yn@3.1.1:
    version "3.1.1"
    resolved "https://registry.yarnpkg.com/yn/-/yn-3.1.1.tgz#1e87401a09d767c1d5eab26a6e4c185182d2eb50"
    integrity sha512-Ux4ygGWsu2c7isFWe8Yu1YluJmqVhxqK2cLXNQA5AcC3QfbGNpM7fu0Y8b/z16pXLnFxZYvWhd3fhBY9DLmC6Q==
